<?xml version="1.0" encoding="UTF-8"?>
<!-- Generated by org.testng.reporters.JUnitReportReporter -->
<testsuite hostname="LAPTOP-D6FDH20G" failures="0" tests="1" name="mvnTest" time="0.001" errors="0" timestamp="2021-12-10T17:20:48 IST" skipped="0">
  <testcase classname="mvnTest" name="maventest" time="0.001"/>
  <system-out/>
</testsuite> <!-- mvnTest -->
