<?xml version="1.0" encoding="UTF-8"?>
<!-- Generated by org.testng.reporters.JUnitReportReporter -->
<testsuite hostname="LAPTOP-D6FDH20G" failures="0" tests="1" name="mavenTest" time="0.009" errors="0" timestamp="2021-12-10T17:20:48 IST" skipped="0">
  <testcase classname="mavenTest" name="gggtest" time="0.009"/>
  <system-out/>
</testsuite> <!-- mavenTest -->
