<?xml version="1.0" encoding="UTF-8"?>
<!-- Generated by org.testng.reporters.JUnitReportReporter -->
<testsuite hostname="LAPTOP-D6FDH20G" failures="0" tests="1" name="Pract1Test" time="0.002" errors="0" timestamp="2021-12-10T17:20:48 IST" skipped="0">
  <testcase classname="Pract1Test" name="maventest" time="0.002"/>
  <system-out/>
</testsuite> <!-- Pract1Test -->
